<?xml version="1.0" encoding="UTF-8"?>
<coverage generated="1612537399335" clover="3.2.0">
  <project timestamp="1612537399335" name="All files">
    <metrics statements="66" coveredstatements="52" conditionals="50" coveredconditionals="35" methods="19" coveredmethods="14" elements="135" coveredelements="101" complexity="0" loc="66" ncloc="66" packages="4" files="10" classes="10"/>
    <package name="components">
      <metrics statements="10" coveredstatements="10" conditionals="6" coveredconditionals="6" methods="4" coveredmethods="4"/>
      <file name="app.tsx" path="C:\Users\somin\Desktop\Day16\src\components\app.tsx">
        <metrics statements="3" coveredstatements="3" conditionals="2" coveredconditionals="2" methods="1" coveredmethods="1"/>
        <line num="6" count="1" type="stmt"/>
        <line num="7" count="3" type="stmt"/>
        <line num="8" count="3" type="cond" truecount="2" falsecount="0"/>
      </file>
      <file name="button.tsx" path="C:\Users\somin\Desktop\Day16\src\components\button.tsx">
        <metrics statements="2" coveredstatements="2" conditionals="4" coveredconditionals="4" methods="1" coveredmethods="1"/>
        <line num="10" count="3" type="stmt"/>
        <line num="16" count="63" type="stmt"/>
      </file>
      <file name="form-error.tsx" path="C:\Users\somin\Desktop\Day16\src\components\form-error.tsx">
        <metrics statements="2" coveredstatements="2" conditionals="0" coveredconditionals="0" methods="1" coveredmethods="1"/>
        <line num="7" count="3" type="stmt"/>
        <line num="8" count="27" type="stmt"/>
      </file>
      <file name="header.tsx" path="C:\Users\somin\Desktop\Day16\src\components\header.tsx">
        <metrics statements="3" coveredstatements="3" conditionals="0" coveredconditionals="0" methods="1" coveredmethods="1"/>
        <line num="4" count="1" type="stmt"/>
        <line num="5" count="2" type="stmt"/>
        <line num="6" count="2" type="stmt"/>
      </file>
    </package>
    <package name="pages">
      <metrics statements="32" coveredstatements="32" conditionals="32" coveredconditionals="27" methods="8" coveredmethods="8"/>
      <file name="create-account.tsx" path="C:\Users\somin\Desktop\Day16\src\pages\create-account.tsx">
        <metrics statements="17" coveredstatements="17" conditionals="16" coveredconditionals="13" methods="5" coveredmethods="5"/>
        <line num="13" count="1" type="stmt"/>
        <line num="29" count="1" type="stmt"/>
        <line num="36" count="34" type="stmt"/>
        <line num="42" count="34" type="stmt"/>
        <line num="43" count="34" type="stmt"/>
        <line num="46" count="1" type="stmt"/>
        <line num="48" count="1" type="cond" truecount="1" falsecount="1"/>
        <line num="49" count="1" type="stmt"/>
        <line num="50" count="1" type="stmt"/>
        <line num="56" count="34" type="stmt"/>
        <line num="62" count="34" type="stmt"/>
        <line num="63" count="1" type="cond" truecount="1" falsecount="1"/>
        <line num="64" count="1" type="stmt"/>
        <line num="65" count="1" type="stmt"/>
        <line num="73" count="34" type="stmt"/>
        <line num="155" count="30" type="stmt"/>
        <line num="192" count="68" type="stmt"/>
      </file>
      <file name="login.tsx" path="C:\Users\somin\Desktop\Day16\src\pages\login.tsx">
        <metrics statements="15" coveredstatements="15" conditionals="16" coveredconditionals="14" methods="3" coveredmethods="3"/>
        <line num="14" count="1" type="stmt"/>
        <line num="29" count="1" type="stmt"/>
        <line num="36" count="27" type="stmt"/>
        <line num="40" count="27" type="stmt"/>
        <line num="43" count="1" type="stmt"/>
        <line num="45" count="1" type="cond" truecount="3" falsecount="1"/>
        <line num="46" count="1" type="stmt"/>
        <line num="47" count="1" type="stmt"/>
        <line num="48" count="1" type="stmt"/>
        <line num="52" count="27" type="stmt"/>
        <line num="62" count="27" type="stmt"/>
        <line num="63" count="1" type="cond" truecount="1" falsecount="1"/>
        <line num="64" count="1" type="stmt"/>
        <line num="65" count="1" type="stmt"/>
        <line num="76" count="27" type="stmt"/>
      </file>
    </package>
    <package name="pages.listener">
      <metrics statements="13" coveredstatements="10" conditionals="5" coveredconditionals="2" methods="4" coveredmethods="2"/>
      <file name="episodes.tsx" path="C:\Users\somin\Desktop\Day16\src\pages\listener\episodes.tsx">
        <metrics statements="8" coveredstatements="6" conditionals="5" coveredconditionals="2" methods="2" coveredmethods="1"/>
        <line num="11" count="1" type="stmt"/>
        <line num="36" count="1" type="stmt"/>
        <line num="37" count="2" type="stmt"/>
        <line num="38" count="2" type="stmt"/>
        <line num="49" count="2" type="cond" truecount="2" falsecount="3"/>
        <line num="50" count="2" type="stmt"/>
        <line num="57" count="0" type="stmt"/>
        <line num="86" count="0" type="stmt"/>
      </file>
      <file name="podcasts.tsx" path="C:\Users\somin\Desktop\Day16\src\pages\listener\podcasts.tsx">
        <metrics statements="5" coveredstatements="4" conditionals="0" coveredconditionals="0" methods="2" coveredmethods="1"/>
        <line num="7" count="1" type="stmt"/>
        <line num="20" count="1" type="stmt"/>
        <line num="21" count="2" type="stmt"/>
        <line num="23" count="2" type="stmt"/>
        <line num="29" count="0" type="stmt"/>
      </file>
    </package>
    <package name="routers">
      <metrics statements="11" coveredstatements="0" conditionals="7" coveredconditionals="0" methods="3" coveredmethods="0"/>
      <file name="logged-in-router.tsx" path="C:\Users\somin\Desktop\Day16\src\routers\logged-in-router.tsx">
        <metrics statements="9" coveredstatements="0" conditionals="7" coveredconditionals="0" methods="2" coveredmethods="0"/>
        <line num="10" count="0" type="stmt"/>
        <line num="19" count="0" type="stmt"/>
        <line num="20" count="0" type="stmt"/>
        <line num="22" count="0" type="stmt"/>
        <line num="23" count="0" type="stmt"/>
        <line num="24" count="0" type="stmt"/>
        <line num="26" count="0" type="cond" truecount="0" falsecount="5"/>
        <line num="27" count="0" type="stmt"/>
        <line num="33" count="0" type="stmt"/>
      </file>
      <file name="logged-out-router.tsx" path="C:\Users\somin\Desktop\Day16\src\routers\logged-out-router.tsx">
        <metrics statements="2" coveredstatements="0" conditionals="0" coveredconditionals="0" methods="1" coveredmethods="0"/>
        <line num="7" count="0" type="stmt"/>
        <line num="8" count="0" type="stmt"/>
      </file>
    </package>
  </project>
</coverage>
