{"C:\\Users\\somin\\Desktop\\Day16\\src\\components\\app.tsx": {"path":"C:\\Users\\somin\\Desktop\\Day16\\src\\components\\app.tsx","statementMap":{"0":{"start":{"line":6,"column":19},"end":{"line":9,"column":1}},"1":{"start":{"line":7,"column":21},"end":{"line":7,"column":50}},"2":{"start":{"line":8,"column":2},"end":{"line":8,"column":63}}},"fnMap":{"0":{"name":"(anonymous_0)","decl":{"start":{"line":6,"column":19},"end":{"line":6,"column":20}},"loc":{"start":{"line":6,"column":25},"end":{"line":9,"column":1}},"line":6}},"branchMap":{"0":{"loc":{"start":{"line":8,"column":9},"end":{"line":8,"column":62}},"type":"cond-expr","locations":[{"start":{"line":8,"column":22},"end":{"line":8,"column":40}},{"start":{"line":8,"column":43},"end":{"line":8,"column":62}}],"line":8}},"s":{"0":1,"1":3,"2":3},"f":{"0":3},"b":{"0":[1,2]},"_coverageSchema":"1a1c01bbd47fc00a2c39e90264f33305004495a9","hash":"c6085b4d63f15fcd3ae22c0823fd726dc24ed002"}
,"C:\\Users\\somin\\Desktop\\Day16\\src\\components\\button.tsx": {"path":"C:\\Users\\somin\\Desktop\\Day16\\src\\components\\button.tsx","statementMap":{"0":{"start":{"line":10,"column":46},"end":{"line":26,"column":1}},"1":{"start":{"line":16,"column":2},"end":{"line":25,"column":11}}},"fnMap":{"0":{"name":"(anonymous_0)","decl":{"start":{"line":10,"column":46},"end":{"line":10,"column":47}},"loc":{"start":{"line":16,"column":2},"end":{"line":25,"column":11}},"line":16}},"branchMap":{"0":{"loc":{"start":{"line":19,"column":6},"end":{"line":21,"column":43}},"type":"cond-expr","locations":[{"start":{"line":20,"column":10},"end":{"line":20,"column":41}},{"start":{"line":21,"column":10},"end":{"line":21,"column":43}}],"line":19},"1":{"loc":{"start":{"line":24,"column":5},"end":{"line":24,"column":40}},"type":"cond-expr","locations":[{"start":{"line":24,"column":15},"end":{"line":24,"column":27}},{"start":{"line":24,"column":30},"end":{"line":24,"column":40}}],"line":24}},"s":{"0":3,"1":63},"f":{"0":63},"b":{"0":[21,42],"1":[5,58]},"_coverageSchema":"1a1c01bbd47fc00a2c39e90264f33305004495a9","hash":"9edec0f9493690b46c6a38440ac2360783ad079d"}
,"C:\\Users\\somin\\Desktop\\Day16\\src\\components\\form-error.tsx": {"path":"C:\\Users\\somin\\Desktop\\Day16\\src\\components\\form-error.tsx","statementMap":{"0":{"start":{"line":7,"column":52},"end":{"line":11,"column":1}},"1":{"start":{"line":8,"column":2},"end":{"line":10,"column":9}}},"fnMap":{"0":{"name":"(anonymous_0)","decl":{"start":{"line":7,"column":52},"end":{"line":7,"column":53}},"loc":{"start":{"line":8,"column":2},"end":{"line":10,"column":9}},"line":8}},"branchMap":{},"s":{"0":3,"1":27},"f":{"0":27},"b":{},"_coverageSchema":"1a1c01bbd47fc00a2c39e90264f33305004495a9","hash":"7945125addca51b2c769ffc77b32aa31f3c8c6df"}
,"C:\\Users\\somin\\Desktop\\Day16\\src\\components\\header.tsx": {"path":"C:\\Users\\somin\\Desktop\\Day16\\src\\components\\header.tsx","statementMap":{"0":{"start":{"line":4,"column":31},"end":{"line":28,"column":1}},"1":{"start":{"line":5,"column":21},"end":{"line":5,"column":28}},"2":{"start":{"line":6,"column":4},"end":{"line":27,"column":5}}},"fnMap":{"0":{"name":"(anonymous_0)","decl":{"start":{"line":4,"column":31},"end":{"line":4,"column":32}},"loc":{"start":{"line":4,"column":37},"end":{"line":28,"column":1}},"line":4}},"branchMap":{},"s":{"0":1,"1":2,"2":2},"f":{"0":2},"b":{},"_coverageSchema":"1a1c01bbd47fc00a2c39e90264f33305004495a9","hash":"aed976767f27d2b599a915f525ed476ab8ef1b06"}
,"C:\\Users\\somin\\Desktop\\Day16\\src\\pages\\create-account.tsx": {"path":"C:\\Users\\somin\\Desktop\\Day16\\src\\pages\\create-account.tsx","statementMap":{"0":{"start":{"line":13,"column":39},"end":{"line":20,"column":1}},"1":{"start":{"line":29,"column":29},"end":{"line":216,"column":1}},"2":{"start":{"line":36,"column":6},"end":{"line":41,"column":4}},"3":{"start":{"line":42,"column":18},"end":{"line":42,"column":30}},"4":{"start":{"line":43,"column":22},"end":{"line":52,"column":3}},"5":{"start":{"line":46,"column":8},"end":{"line":46,"column":12}},"6":{"start":{"line":48,"column":4},"end":{"line":51,"column":5}},"7":{"start":{"line":49,"column":6},"end":{"line":49,"column":44}},"8":{"start":{"line":50,"column":6},"end":{"line":50,"column":24}},"9":{"start":{"line":56,"column":6},"end":{"line":61,"column":3}},"10":{"start":{"line":62,"column":19},"end":{"line":71,"column":3}},"11":{"start":{"line":63,"column":4},"end":{"line":70,"column":5}},"12":{"start":{"line":64,"column":40},"end":{"line":64,"column":51}},"13":{"start":{"line":65,"column":6},"end":{"line":69,"column":9}},"14":{"start":{"line":73,"column":2},"end":{"line":215,"column":4}},"15":{"start":{"line":155,"column":35},"end":{"line":155,"column":65}},"16":{"start":{"line":192,"column":14},"end":{"line":194,"column":23}}},"fnMap":{"0":{"name":"(anonymous_0)","decl":{"start":{"line":29,"column":29},"end":{"line":29,"column":30}},"loc":{"start":{"line":29,"column":35},"end":{"line":216,"column":1}},"line":29},"1":{"name":"(anonymous_1)","decl":{"start":{"line":43,"column":22},"end":{"line":43,"column":23}},"loc":{"start":{"line":43,"column":55},"end":{"line":52,"column":3}},"line":43},"2":{"name":"(anonymous_2)","decl":{"start":{"line":62,"column":19},"end":{"line":62,"column":20}},"loc":{"start":{"line":62,"column":25},"end":{"line":71,"column":3}},"line":62},"3":{"name":"(anonymous_3)","decl":{"start":{"line":155,"column":24},"end":{"line":155,"column":25}},"loc":{"start":{"line":155,"column":35},"end":{"line":155,"column":65}},"line":155},"4":{"name":"(anonymous_4)","decl":{"start":{"line":191,"column":39},"end":{"line":191,"column":40}},"loc":{"start":{"line":192,"column":14},"end":{"line":194,"column":23}},"line":192}},"branchMap":{"0":{"loc":{"start":{"line":48,"column":4},"end":{"line":51,"column":5}},"type":"if","locations":[{"start":{"line":48,"column":4},"end":{"line":51,"column":5}},{"start":{"line":48,"column":4},"end":{"line":51,"column":5}}],"line":48},"1":{"loc":{"start":{"line":63,"column":4},"end":{"line":70,"column":5}},"type":"if","locations":[{"start":{"line":63,"column":4},"end":{"line":70,"column":5}},{"start":{"line":63,"column":4},"end":{"line":70,"column":5}}],"line":63},"2":{"loc":{"start":{"line":114,"column":11},"end":{"line":116,"column":11}},"type":"binary-expr","locations":[{"start":{"line":114,"column":11},"end":{"line":114,"column":43}},{"start":{"line":115,"column":12},"end":{"line":115,"column":69}}],"line":114},"3":{"loc":{"start":{"line":117,"column":11},"end":{"line":119,"column":11}},"type":"binary-expr","locations":[{"start":{"line":117,"column":11},"end":{"line":117,"column":32}},{"start":{"line":118,"column":12},"end":{"line":118,"column":61}}],"line":117},"4":{"loc":{"start":{"line":149,"column":11},"end":{"line":151,"column":11}},"type":"binary-expr","locations":[{"start":{"line":149,"column":11},"end":{"line":149,"column":48}},{"start":{"line":150,"column":12},"end":{"line":150,"column":81}}],"line":149},"5":{"loc":{"start":{"line":162,"column":11},"end":{"line":164,"column":11}},"type":"binary-expr","locations":[{"start":{"line":162,"column":11},"end":{"line":162,"column":35}},{"start":{"line":163,"column":12},"end":{"line":163,"column":64}}],"line":162},"6":{"loc":{"start":{"line":165,"column":11},"end":{"line":167,"column":11}},"type":"binary-expr","locations":[{"start":{"line":165,"column":11},"end":{"line":165,"column":34}},{"start":{"line":166,"column":12},"end":{"line":166,"column":61}}],"line":165},"7":{"loc":{"start":{"line":203,"column":11},"end":{"line":205,"column":11}},"type":"binary-expr","locations":[{"start":{"line":203,"column":11},"end":{"line":203,"column":51}},{"start":{"line":204,"column":12},"end":{"line":204,"column":80}}],"line":203}},"s":{"0":1,"1":1,"2":34,"3":34,"4":34,"5":1,"6":1,"7":1,"8":1,"9":34,"10":34,"11":1,"12":1,"13":1,"14":34,"15":30,"16":68},"f":{"0":34,"1":1,"2":1,"3":30,"4":68},"b":{"0":[1,0],"1":[1,0],"2":[34,4],"3":[34,1],"4":[34,6],"5":[34,0],"6":[34,4],"7":[34,1]},"_coverageSchema":"1a1c01bbd47fc00a2c39e90264f33305004495a9","hash":"7f9e2f91251c8200c26f9d7912dec1f6609d76ed"}
,"C:\\Users\\somin\\Desktop\\Day16\\src\\pages\\login.tsx": {"path":"C:\\Users\\somin\\Desktop\\Day16\\src\\pages\\login.tsx","statementMap":{"0":{"start":{"line":14,"column":30},"end":{"line":22,"column":1}},"1":{"start":{"line":29,"column":21},"end":{"line":193,"column":1}},"2":{"start":{"line":36,"column":6},"end":{"line":38,"column":4}},"3":{"start":{"line":40,"column":22},"end":{"line":50,"column":3}},"4":{"start":{"line":43,"column":8},"end":{"line":43,"column":12}},"5":{"start":{"line":45,"column":4},"end":{"line":49,"column":5}},"6":{"start":{"line":46,"column":6},"end":{"line":46,"column":44}},"7":{"start":{"line":47,"column":6},"end":{"line":47,"column":26}},"8":{"start":{"line":48,"column":6},"end":{"line":48,"column":26}},"9":{"start":{"line":52,"column":66},"end":{"line":57,"column":4}},"10":{"start":{"line":62,"column":19},"end":{"line":74,"column":3}},"11":{"start":{"line":63,"column":4},"end":{"line":73,"column":5}},"12":{"start":{"line":64,"column":34},"end":{"line":64,"column":45}},"13":{"start":{"line":65,"column":6},"end":{"line":72,"column":9}},"14":{"start":{"line":76,"column":2},"end":{"line":192,"column":4}}},"fnMap":{"0":{"name":"(anonymous_0)","decl":{"start":{"line":29,"column":21},"end":{"line":29,"column":22}},"loc":{"start":{"line":29,"column":27},"end":{"line":193,"column":1}},"line":29},"1":{"name":"(anonymous_1)","decl":{"start":{"line":40,"column":22},"end":{"line":40,"column":23}},"loc":{"start":{"line":40,"column":47},"end":{"line":50,"column":3}},"line":40},"2":{"name":"(anonymous_2)","decl":{"start":{"line":62,"column":19},"end":{"line":62,"column":20}},"loc":{"start":{"line":62,"column":25},"end":{"line":74,"column":3}},"line":62}},"branchMap":{"0":{"loc":{"start":{"line":45,"column":4},"end":{"line":49,"column":5}},"type":"if","locations":[{"start":{"line":45,"column":4},"end":{"line":49,"column":5}},{"start":{"line":45,"column":4},"end":{"line":49,"column":5}}],"line":45},"1":{"loc":{"start":{"line":45,"column":8},"end":{"line":45,"column":19}},"type":"binary-expr","locations":[{"start":{"line":45,"column":8},"end":{"line":45,"column":10}},{"start":{"line":45,"column":14},"end":{"line":45,"column":19}}],"line":45},"2":{"loc":{"start":{"line":63,"column":4},"end":{"line":73,"column":5}},"type":"if","locations":[{"start":{"line":63,"column":4},"end":{"line":73,"column":5}},{"start":{"line":63,"column":4},"end":{"line":73,"column":5}}],"line":63},"3":{"loc":{"start":{"line":129,"column":13},"end":{"line":131,"column":13}},"type":"binary-expr","locations":[{"start":{"line":129,"column":13},"end":{"line":129,"column":45}},{"start":{"line":130,"column":14},"end":{"line":130,"column":71}}],"line":129},"4":{"loc":{"start":{"line":132,"column":13},"end":{"line":134,"column":13}},"type":"binary-expr","locations":[{"start":{"line":132,"column":13},"end":{"line":132,"column":34}},{"start":{"line":133,"column":14},"end":{"line":133,"column":63}}],"line":132},"5":{"loc":{"start":{"line":161,"column":13},"end":{"line":163,"column":13}},"type":"binary-expr","locations":[{"start":{"line":161,"column":13},"end":{"line":161,"column":37}},{"start":{"line":162,"column":14},"end":{"line":162,"column":66}}],"line":161},"6":{"loc":{"start":{"line":164,"column":13},"end":{"line":166,"column":13}},"type":"binary-expr","locations":[{"start":{"line":164,"column":13},"end":{"line":164,"column":50}},{"start":{"line":165,"column":14},"end":{"line":165,"column":83}}],"line":164},"7":{"loc":{"start":{"line":174,"column":13},"end":{"line":176,"column":13}},"type":"binary-expr","locations":[{"start":{"line":174,"column":13},"end":{"line":174,"column":45}},{"start":{"line":175,"column":14},"end":{"line":175,"column":74}}],"line":174}},"s":{"0":1,"1":1,"2":27,"3":27,"4":1,"5":1,"6":1,"7":1,"8":1,"9":27,"10":27,"11":1,"12":1,"13":1,"14":27},"f":{"0":27,"1":1,"2":1},"b":{"0":[1,0],"1":[1,1],"2":[1,0],"3":[27,4],"4":[27,1],"5":[27,1],"6":[27,3],"7":[27,1]},"_coverageSchema":"1a1c01bbd47fc00a2c39e90264f33305004495a9","hash":"2d1914e06577da0fb80a324c13f9aa5b52eef29e"}
,"C:\\Users\\somin\\Desktop\\Day16\\src\\pages\\listener\\episodes.tsx": {"path":"C:\\Users\\somin\\Desktop\\Day16\\src\\pages\\listener\\episodes.tsx","statementMap":{"0":{"start":{"line":11,"column":27},"end":{"line":30,"column":1}},"1":{"start":{"line":36,"column":24},"end":{"line":118,"column":1}},"2":{"start":{"line":37,"column":17},"end":{"line":37,"column":44}},"3":{"start":{"line":38,"column":35},"end":{"line":47,"column":3}},"4":{"start":{"line":49,"column":2},"end":{"line":55,"column":3}},"5":{"start":{"line":50,"column":4},"end":{"line":54,"column":6}},"6":{"start":{"line":57,"column":2},"end":{"line":117,"column":4}},"7":{"start":{"line":86,"column":10},"end":{"line":113,"column":16}}},"fnMap":{"0":{"name":"(anonymous_0)","decl":{"start":{"line":36,"column":24},"end":{"line":36,"column":25}},"loc":{"start":{"line":36,"column":30},"end":{"line":118,"column":1}},"line":36},"1":{"name":"(anonymous_1)","decl":{"start":{"line":85,"column":41},"end":{"line":85,"column":42}},"loc":{"start":{"line":86,"column":10},"end":{"line":113,"column":16}},"line":86}},"branchMap":{"0":{"loc":{"start":{"line":49,"column":2},"end":{"line":55,"column":3}},"type":"if","locations":[{"start":{"line":49,"column":2},"end":{"line":55,"column":3}},{"start":{"line":49,"column":2},"end":{"line":55,"column":3}}],"line":49},"1":{"loc":{"start":{"line":49,"column":6},"end":{"line":49,"column":31}},"type":"binary-expr","locations":[{"start":{"line":49,"column":6},"end":{"line":49,"column":11}},{"start":{"line":49,"column":15},"end":{"line":49,"column":22}},{"start":{"line":49,"column":26},"end":{"line":49,"column":31}}],"line":49}},"s":{"0":1,"1":1,"2":2,"3":2,"4":2,"5":2,"6":0,"7":0},"f":{"0":2,"1":0},"b":{"0":[2,0],"1":[2,0,0]},"_coverageSchema":"1a1c01bbd47fc00a2c39e90264f33305004495a9","hash":"1a02fe25b17c5eb563ba514e27b68057aaf9fa61"}
,"C:\\Users\\somin\\Desktop\\Day16\\src\\pages\\listener\\podcasts.tsx": {"path":"C:\\Users\\somin\\Desktop\\Day16\\src\\pages\\listener\\podcasts.tsx","statementMap":{"0":{"start":{"line":7,"column":26},"end":{"line":18,"column":1}},"1":{"start":{"line":20,"column":24},"end":{"line":43,"column":1}},"2":{"start":{"line":21,"column":21},"end":{"line":21,"column":68}},"3":{"start":{"line":23,"column":4},"end":{"line":42,"column":10}},"4":{"start":{"line":29,"column":12},"end":{"line":39,"column":19}}},"fnMap":{"0":{"name":"(anonymous_0)","decl":{"start":{"line":20,"column":24},"end":{"line":20,"column":25}},"loc":{"start":{"line":20,"column":30},"end":{"line":43,"column":1}},"line":20},"1":{"name":"(anonymous_1)","decl":{"start":{"line":28,"column":44},"end":{"line":28,"column":45}},"loc":{"start":{"line":29,"column":12},"end":{"line":39,"column":19}},"line":29}},"branchMap":{},"s":{"0":1,"1":1,"2":2,"3":2,"4":0},"f":{"0":2,"1":0},"b":{},"_coverageSchema":"1a1c01bbd47fc00a2c39e90264f33305004495a9","hash":"66604a88f6f0df285002554fa25ae50e412ee877"}
,"C:\\Users\\somin\\Desktop\\Day16\\src\\routers\\logged-in-router.tsx": {"path":"C:\\Users\\somin\\Desktop\\Day16\\src\\routers\\logged-in-router.tsx","statementMap":{"0":{"start":{"line":10,"column":23},"end":{"line":17,"column":1}},"1":{"start":{"line":19,"column":30},"end":{"line":43,"column":1}},"2":{"start":{"line":20,"column":37},"end":{"line":20,"column":44}},"3":{"start":{"line":22,"column":24},"end":{"line":25,"column":5}},"4":{"start":{"line":23,"column":8},"end":{"line":23,"column":42}},"5":{"start":{"line":24,"column":8},"end":{"line":24,"column":29}},"6":{"start":{"line":26,"column":4},"end":{"line":32,"column":5}},"7":{"start":{"line":27,"column":8},"end":{"line":31,"column":10}},"8":{"start":{"line":33,"column":4},"end":{"line":42,"column":5}}},"fnMap":{"0":{"name":"(anonymous_0)","decl":{"start":{"line":19,"column":30},"end":{"line":19,"column":31}},"loc":{"start":{"line":19,"column":36},"end":{"line":43,"column":1}},"line":19},"1":{"name":"(anonymous_1)","decl":{"start":{"line":22,"column":24},"end":{"line":22,"column":25}},"loc":{"start":{"line":22,"column":30},"end":{"line":25,"column":5}},"line":22}},"branchMap":{"0":{"loc":{"start":{"line":26,"column":4},"end":{"line":32,"column":5}},"type":"if","locations":[{"start":{"line":26,"column":4},"end":{"line":32,"column":5}},{"start":{"line":26,"column":4},"end":{"line":32,"column":5}}],"line":26},"1":{"loc":{"start":{"line":26,"column":8},"end":{"line":26,"column":33}},"type":"binary-expr","locations":[{"start":{"line":26,"column":8},"end":{"line":26,"column":13}},{"start":{"line":26,"column":17},"end":{"line":26,"column":24}},{"start":{"line":26,"column":28},"end":{"line":26,"column":33}}],"line":26},"2":{"loc":{"start":{"line":37,"column":17},"end":{"line":37,"column":62}},"type":"binary-expr","locations":[{"start":{"line":37,"column":17},"end":{"line":37,"column":44}},{"start":{"line":37,"column":48},"end":{"line":37,"column":62}}],"line":37}},"s":{"0":0,"1":0,"2":0,"3":0,"4":0,"5":0,"6":0,"7":0,"8":0},"f":{"0":0,"1":0},"b":{"0":[0,0],"1":[0,0,0],"2":[0,0]}}
,"C:\\Users\\somin\\Desktop\\Day16\\src\\routers\\logged-out-router.tsx": {"path":"C:\\Users\\somin\\Desktop\\Day16\\src\\routers\\logged-out-router.tsx","statementMap":{"0":{"start":{"line":7,"column":31},"end":{"line":17,"column":1}},"1":{"start":{"line":8,"column":4},"end":{"line":16,"column":5}}},"fnMap":{"0":{"name":"(anonymous_0)","decl":{"start":{"line":7,"column":31},"end":{"line":7,"column":32}},"loc":{"start":{"line":7,"column":37},"end":{"line":17,"column":1}},"line":7}},"branchMap":{},"s":{"0":0,"1":0},"f":{"0":0},"b":{}}
}
