TN:
SF:src\components\app.tsx
FN:6,(anonymous_0)
FNF:1
FNH:1
FNDA:3,(anonymous_0)
DA:6,1
DA:7,3
DA:8,3
LF:3
LH:3
BRDA:8,0,0,1
BRDA:8,0,1,2
BRF:2
BRH:2
end_of_record
TN:
SF:src\components\button.tsx
FN:10,(anonymous_0)
FNF:1
FNH:1
FNDA:63,(anonymous_0)
DA:10,3
DA:16,63
LF:2
LH:2
BRDA:19,0,0,21
BRDA:19,0,1,42
BRDA:24,1,0,5
BRDA:24,1,1,58
BRF:4
BRH:4
end_of_record
TN:
SF:src\components\form-error.tsx
FN:7,(anonymous_0)
FNF:1
FNH:1
FNDA:27,(anonymous_0)
DA:7,3
DA:8,27
LF:2
LH:2
BRF:0
BRH:0
end_of_record
TN:
SF:src\components\header.tsx
FN:4,(anonymous_0)
FNF:1
FNH:1
FNDA:2,(anonymous_0)
DA:4,1
DA:5,2
DA:6,2
LF:3
LH:3
BRF:0
BRH:0
end_of_record
TN:
SF:src\pages\create-account.tsx
FN:29,(anonymous_0)
FN:43,(anonymous_1)
FN:62,(anonymous_2)
FN:155,(anonymous_3)
FN:191,(anonymous_4)
FNF:5
FNH:5
FNDA:34,(anonymous_0)
FNDA:1,(anonymous_1)
FNDA:1,(anonymous_2)
FNDA:30,(anonymous_3)
FNDA:68,(anonymous_4)
DA:13,1
DA:29,1
DA:36,34
DA:42,34
DA:43,34
DA:46,1
DA:48,1
DA:49,1
DA:50,1
DA:56,34
DA:62,34
DA:63,1
DA:64,1
DA:65,1
DA:73,34
DA:155,30
DA:192,68
LF:17
LH:17
BRDA:48,0,0,1
BRDA:48,0,1,0
BRDA:63,1,0,1
BRDA:63,1,1,0
BRDA:114,2,0,34
BRDA:114,2,1,4
BRDA:117,3,0,34
BRDA:117,3,1,1
BRDA:149,4,0,34
BRDA:149,4,1,6
BRDA:162,5,0,34
BRDA:162,5,1,0
BRDA:165,6,0,34
BRDA:165,6,1,4
BRDA:203,7,0,34
BRDA:203,7,1,1
BRF:16
BRH:13
end_of_record
TN:
SF:src\pages\login.tsx
FN:29,(anonymous_0)
FN:40,(anonymous_1)
FN:62,(anonymous_2)
FNF:3
FNH:3
FNDA:27,(anonymous_0)
FNDA:1,(anonymous_1)
FNDA:1,(anonymous_2)
DA:14,1
DA:29,1
DA:36,27
DA:40,27
DA:43,1
DA:45,1
DA:46,1
DA:47,1
DA:48,1
DA:52,27
DA:62,27
DA:63,1
DA:64,1
DA:65,1
DA:76,27
LF:15
LH:15
BRDA:45,0,0,1
BRDA:45,0,1,0
BRDA:45,1,0,1
BRDA:45,1,1,1
BRDA:63,2,0,1
BRDA:63,2,1,0
BRDA:129,3,0,27
BRDA:129,3,1,4
BRDA:132,4,0,27
BRDA:132,4,1,1
BRDA:161,5,0,27
BRDA:161,5,1,1
BRDA:164,6,0,27
BRDA:164,6,1,3
BRDA:174,7,0,27
BRDA:174,7,1,1
BRF:16
BRH:14
end_of_record
TN:
SF:src\pages\listener\episodes.tsx
FN:36,(anonymous_0)
FN:85,(anonymous_1)
FNF:2
FNH:1
FNDA:2,(anonymous_0)
FNDA:0,(anonymous_1)
DA:11,1
DA:36,1
DA:37,2
DA:38,2
DA:49,2
DA:50,2
DA:57,0
DA:86,0
LF:8
LH:6
BRDA:49,0,0,2
BRDA:49,0,1,0
BRDA:49,1,0,2
BRDA:49,1,1,0
BRDA:49,1,2,0
BRF:5
BRH:2
end_of_record
TN:
SF:src\pages\listener\podcasts.tsx
FN:20,(anonymous_0)
FN:28,(anonymous_1)
FNF:2
FNH:1
FNDA:2,(anonymous_0)
FNDA:0,(anonymous_1)
DA:7,1
DA:20,1
DA:21,2
DA:23,2
DA:29,0
LF:5
LH:4
BRF:0
BRH:0
end_of_record
TN:
SF:src\routers\logged-in-router.tsx
FN:19,(anonymous_0)
FN:22,(anonymous_1)
FNF:2
FNH:0
FNDA:0,(anonymous_0)
FNDA:0,(anonymous_1)
DA:10,0
DA:19,0
DA:20,0
DA:22,0
DA:23,0
DA:24,0
DA:26,0
DA:27,0
DA:33,0
LF:9
LH:0
BRDA:26,0,0,0
BRDA:26,0,1,0
BRDA:26,1,0,0
BRDA:26,1,1,0
BRDA:26,1,2,0
BRDA:37,2,0,0
BRDA:37,2,1,0
BRF:7
BRH:0
end_of_record
TN:
SF:src\routers\logged-out-router.tsx
FN:7,(anonymous_0)
FNF:1
FNH:0
FNDA:0,(anonymous_0)
DA:7,0
DA:8,0
LF:2
LH:0
BRF:0
BRH:0
end_of_record
